platforms/android/app/build/outputs/logs/manifest-merger-debug-report.txt
-- Merging decision tree log ---
manifest
ADDED from src/main/AndroidManifest.xml:2:1-16:12
INJECTED from src/main/AndroidManifest.xml:2:1-16:12
INJECTED from src/main/AndroidManifest.xml:2:1-16:12
INJECTED from src/main/AndroidManifest.xml:2:1-16:12
MERGED from [com.google.android.gms:play-services-gcm:12.0.1] AndroidManifest.xml:17:1-28:12
MERGED from [com.google.android.gms:play-services-iid:12.0.1] AndroidManifest.xml:17:1-28:12
MERGED from [com.google.android.gms:play-services-base:12.0.1] AndroidManifest.xml:17:1-29:12
MERGED from [com.google.android.gms:play-services-tasks:12.0.1] AndroidManifest.xml:2:1-9:12
MERGED from [com.google.android.gms:play-services-basement:12.0.1] AndroidManifest.xml:17:1-28:12
MERGED from [com.android.support:support-v4:27.1.1] AndroidManifest.xml:17:1-22:12
MERGED from [com.pushbots:pushbots-lib:3.2.0-c] AndroidManifest.xml:2:1-50:12
MERGED from [:CordovaLib] AndroidManifest.xml:20:1-27:12
MERGED from [com.android.support:support-media-compat:27.1.1] AndroidManifest.xml:17:1-22:12
MERGED from [com.android.support:support-fragment:27.1.1] AndroidManifest.xml:17:1-22:12
MERGED from [com.android.support:support-core-ui:27.1.1] AndroidManifest.xml:17:1-22:12
MERGED from [com.android.support:support-core-utils:27.1.1] AndroidManifest.xml:17:1-22:12
MERGED from [com.android.support:support-compat:27.1.1] AndroidManifest.xml:17:1-22:12
MERGED from [com.google.android.gms:play-services-gcm-license:12.0.1] AndroidManifest.xml:17:1-24:12
MERGED from [android.arch.lifecycle:runtime:1.1.0] AndroidManifest.xml:17:1-22:12
MERGED from [android.arch.lifecycle:livedata-core:1.1.0] AndroidManifest.xml:17:1-22:12
MERGED from [android.arch.lifecycle:viewmodel:1.1.0] AndroidManifest.xml:17:1-22:12
MERGED from [com.google.android.gms:play-services-base-license:12.0.1] AndroidManifest.xml:17:1-24:12
MERGED from [com.google.android.gms:play-services-basement-license:12.0.1] AndroidManifest.xml:17:1-24:12
MERGED from [com.google.android.gms:play-services-iid-license:12.0.1] AndroidManifest.xml:17:1-24:12
MERGED from [android.arch.core:runtime:1.1.0] AndroidManifest.xml:17:1-22:12
MERGED from [com.google.android.gms:play-services-tasks-license:12.0.1] AndroidManifest.xml:17:1-24:12
INJECTED from src/main/AndroidManifest.xml:2:1-16:12
INJECTED from src/main/AndroidManifest.xml:2:1-16:12
INJECTED from src/main/AndroidManifest.xml:2:1-16:12
	package
		ADDED from src/main/AndroidManifest.xml:2:102-135
		INJECTED from src/main/AndroidManifest.xml
		INJECTED from src/main/AndroidManifest.xml
	android:versionName
		ADDED from src/main/AndroidManifest.xml:2:74-101
		INJECTED from src/main/AndroidManifest.xml
		INJECTED from src/main/AndroidManifest.xml
	android:hardwareAccelerated
		ADDED from src/main/AndroidManifest.xml:2:11-45
	xmlns:android
		ADDED from src/main/AndroidManifest.xml:2:136-194
	android:versionCode
		ADDED from src/main/AndroidManifest.xml:2:46-73
		INJECTED from src/main/AndroidManifest.xml
		INJECTED from src/main/AndroidManifest.xml
supports-screens
ADDED from src/main/AndroidManifest.xml:3:5-191
	android:largeScreens
		ADDED from src/main/AndroidManifest.xml:3:49-76
	android:smallScreens
		ADDED from src/main/AndroidManifest.xml:3:132-159
	android:normalScreens
		ADDED from src/main/AndroidManifest.xml:3:77-105
	android:xlargeScreens
		ADDED from src/main/AndroidManifest.xml:3:160-188
	android:resizeable
		ADDED from src/main/AndroidManifest.xml:3:106-131
	android:anyDensity
		ADDED from src/main/AndroidManifest.xml:3:23-48
uses-permission#android.permission.INTERNET
ADDED from src/main/AndroidManifest.xml:4:5-67
MERGED from [com.google.android.gms:play-services-gcm:12.0.1] AndroidManifest.xml:24:5-67
MERGED from [com.google.android.gms:play-services-gcm:12.0.1] AndroidManifest.xml:24:5-67
MERGED from [com.google.android.gms:play-services-iid:12.0.1] AndroidManifest.xml:24:5-67
MERGED from [com.google.android.gms:play-services-iid:12.0.1] AndroidManifest.xml:24:5-67
MERGED from [com.pushbots:pushbots-lib:3.2.0-c] AndroidManifest.xml:15:5-67
MERGED from [com.pushbots:pushbots-lib:3.2.0-c] AndroidManifest.xml:15:5-67
	android:name
		ADDED from src/main/AndroidManifest.xml:4:22-64
application
ADDED from src/main/AndroidManifest.xml:5:5-13:19
MERGED from [com.google.android.gms:play-services-gcm:12.0.1] AndroidManifest.xml:26:5-20
MERGED from [com.google.android.gms:play-services-gcm:12.0.1] AndroidManifest.xml:26:5-20
MERGED from [com.google.android.gms:play-services-iid:12.0.1] AndroidManifest.xml:26:5-20
MERGED from [com.google.android.gms:play-services-iid:12.0.1] AndroidManifest.xml:26:5-20
MERGED from [com.google.android.gms:play-services-base:12.0.1] AndroidManifest.xml:22:5-27:19
MERGED from [com.google.android.gms:play-services-base:12.0.1] AndroidManifest.xml:22:5-27:19
MERGED from [com.google.android.gms:play-services-tasks:12.0.1] AndroidManifest.xml:7:5-20
MERGED from [com.google.android.gms:play-services-tasks:12.0.1] AndroidManifest.xml:7:5-20
MERGED from [com.google.android.gms:play-services-basement:12.0.1] AndroidManifest.xml:22:5-26:19
MERGED from [com.google.android.gms:play-services-basement:12.0.1] AndroidManifest.xml:22:5-26:19
MERGED from [com.pushbots:pushbots-lib:3.2.0-c] AndroidManifest.xml:22:5-48:19
MERGED from [com.pushbots:pushbots-lib:3.2.0-c] AndroidManifest.xml:22:5-48:19
MERGED from [com.google.android.gms:play-services-gcm-license:12.0.1] AndroidManifest.xml:22:5-20
MERGED from [com.google.android.gms:play-services-gcm-license:12.0.1] AndroidManifest.xml:22:5-20
MERGED from [com.google.android.gms:play-services-base-license:12.0.1] AndroidManifest.xml:22:5-20
MERGED from [com.google.android.gms:play-services-base-license:12.0.1] AndroidManifest.xml:22:5-20
MERGED from [com.google.android.gms:play-services-basement-license:12.0.1] AndroidManifest.xml:22:5-20
MERGED from [com.google.android.gms:play-services-basement-license:12.0.1] AndroidManifest.xml:22:5-20
MERGED from [com.google.android.gms:play-services-iid-license:12.0.1] AndroidManifest.xml:22:5-20
MERGED from [com.google.android.gms:play-services-iid-license:12.0.1] AndroidManifest.xml:22:5-20
MERGED from [com.google.android.gms:play-services-tasks-license:12.0.1] AndroidManifest.xml:22:5-20
MERGED from [com.google.android.gms:play-services-tasks-license:12.0.1] AndroidManifest.xml:22:5-20
	android:supportsRtl
		ADDED from src/main/AndroidManifest.xml:5:114-140
	android:label
		ADDED from src/main/AndroidManifest.xml:5:81-113
	android:hardwareAccelerated
		ADDED from src/main/AndroidManifest.xml:5:18-52
	android:icon
		ADDED from src/main/AndroidManifest.xml:5:53-80
activity#io.cordova.hellocordova.MainActivity
ADDED from src/main/AndroidManifest.xml:6:9-11:20
	android:label
		ADDED from src/main/AndroidManifest.xml:6:97-134
	android:launchMode
		ADDED from src/main/AndroidManifest.xml:6:135-165
	android:windowSoftInputMode
		ADDED from src/main/AndroidManifest.xml:6:257-299
	android:configChanges
		ADDED from src/main/AndroidManifest.xml:6:19-96
	android:theme
		ADDED from src/main/AndroidManifest.xml:6:194-256
	android:name
		ADDED from src/main/AndroidManifest.xml:6:166-193
intent-filter#android.intent.action.MAIN+android.intent.category.LAUNCHER
ADDED from src/main/AndroidManifest.xml:7:13-10:29
	android:label
		ADDED from src/main/AndroidManifest.xml:7:28-65
action#android.intent.action.MAIN
ADDED from src/main/AndroidManifest.xml:8:17-69
	android:name
		ADDED from src/main/AndroidManifest.xml:8:25-66
category#android.intent.category.LAUNCHER
ADDED from src/main/AndroidManifest.xml:9:17-77
	android:name
		ADDED from src/main/AndroidManifest.xml:9:27-74
receiver#com.pushbots.plugin.PushHandler
ADDED from src/main/AndroidManifest.xml:12:9-68
	android:name
		ADDED from src/main/AndroidManifest.xml:12:19-65
uses-sdk
ADDED from src/main/AndroidManifest.xml:14:5-74
MERGED from [com.google.android.gms:play-services-gcm:12.0.1] AndroidManifest.xml:20:5-44
MERGED from [com.google.android.gms:play-services-gcm:12.0.1] AndroidManifest.xml:20:5-44
MERGED from [com.google.android.gms:play-services-iid:12.0.1] AndroidManifest.xml:20:5-44
MERGED from [com.google.android.gms:play-services-iid:12.0.1] AndroidManifest.xml:20:5-44
MERGED from [com.google.android.gms:play-services-base:12.0.1] AndroidManifest.xml:20:5-44
MERGED from [com.google.android.gms:play-services-base:12.0.1] AndroidManifest.xml:20:5-44
MERGED from [com.google.android.gms:play-services-tasks:12.0.1] AndroidManifest.xml:5:5-44
MERGED from [com.google.android.gms:play-services-tasks:12.0.1] AndroidManifest.xml:5:5-44
MERGED from [com.google.android.gms:play-services-basement:12.0.1] AndroidManifest.xml:20:5-44
MERGED from [com.google.android.gms:play-services-basement:12.0.1] AndroidManifest.xml:20:5-44
MERGED from [com.android.support:support-v4:27.1.1] AndroidManifest.xml:20:5-44
MERGED from [com.android.support:support-v4:27.1.1] AndroidManifest.xml:20:5-44
MERGED from [com.pushbots:pushbots-lib:3.2.0-c] AndroidManifest.xml:6:5-44
MERGED from [com.pushbots:pushbots-lib:3.2.0-c] AndroidManifest.xml:6:5-44
MERGED from [:CordovaLib] AndroidManifest.xml:25:5-44
MERGED from [:CordovaLib] AndroidManifest.xml:25:5-44
MERGED from [com.android.support:support-media-compat:27.1.1] AndroidManifest.xml:20:5-44
MERGED from [com.android.support:support-media-compat:27.1.1] AndroidManifest.xml:20:5-44
MERGED from [com.android.support:support-fragment:27.1.1] AndroidManifest.xml:20:5-44
MERGED from [com.android.support:support-fragment:27.1.1] AndroidManifest.xml:20:5-44
MERGED from [com.android.support:support-core-ui:27.1.1] AndroidManifest.xml:20:5-44
MERGED from [com.android.support:support-core-ui:27.1.1] AndroidManifest.xml:20:5-44
MERGED from [com.android.support:support-core-utils:27.1.1] AndroidManifest.xml:20:5-44
MERGED from [com.android.support:support-core-utils:27.1.1] AndroidManifest.xml:20:5-44
MERGED from [com.android.support:support-compat:27.1.1] AndroidManifest.xml:20:5-44
MERGED from [com.android.support:support-compat:27.1.1] AndroidManifest.xml:20:5-44
MERGED from [com.google.android.gms:play-services-gcm-license:12.0.1] AndroidManifest.xml:20:5-44
MERGED from [com.google.android.gms:play-services-gcm-license:12.0.1] AndroidManifest.xml:20:5-44
MERGED from [android.arch.lifecycle:runtime:1.1.0] AndroidManifest.xml:20:5-44
MERGED from [android.arch.lifecycle:runtime:1.1.0] AndroidManifest.xml:20:5-44
MERGED from [android.arch.lifecycle:livedata-core:1.1.0] AndroidManifest.xml:20:5-44
MERGED from [android.arch.lifecycle:livedata-core:1.1.0] AndroidManifest.xml:20:5-44
MERGED from [android.arch.lifecycle:viewmodel:1.1.0] AndroidManifest.xml:20:5-44
MERGED from [android.arch.lifecycle:viewmodel:1.1.0] AndroidManifest.xml:20:5-44
MERGED from [com.google.android.gms:play-services-base-license:12.0.1] AndroidManifest.xml:20:5-44
MERGED from [com.google.android.gms:play-services-base-license:12.0.1] AndroidManifest.xml:20:5-44
MERGED from [com.google.android.gms:play-services-basement-license:12.0.1] AndroidManifest.xml:20:5-44
MERGED from [com.google.android.gms:play-services-basement-license:12.0.1] AndroidManifest.xml:20:5-44
MERGED from [com.google.android.gms:play-services-iid-license:12.0.1] AndroidManifest.xml:20:5-44
MERGED from [com.google.android.gms:play-services-iid-license:12.0.1] AndroidManifest.xml:20:5-44
MERGED from [android.arch.core:runtime:1.1.0] AndroidManifest.xml:20:5-44
MERGED from [android.arch.core:runtime:1.1.0] AndroidManifest.xml:20:5-44
MERGED from [com.google.android.gms:play-services-tasks-license:12.0.1] AndroidManifest.xml:20:5-44
MERGED from [com.google.android.gms:play-services-tasks-license:12.0.1] AndroidManifest.xml:20:5-44
	android:targetSdkVersion
		ADDED from src/main/AndroidManifest.xml:14:42-71
	android:minSdkVersion
		ADDED from src/main/AndroidManifest.xml:14:15-41
uses-permission#android.permission.VIBRATE
ADDED from src/main/AndroidManifest.xml:15:5-66
MERGED from [com.pushbots:pushbots-lib:3.2.0-c] AndroidManifest.xml:20:5-66
MERGED from [com.pushbots:pushbots-lib:3.2.0-c] AndroidManifest.xml:20:5-66
	android:name
		ADDED from src/main/AndroidManifest.xml:15:22-63
uses-permission#com.google.android.c2dm.permission.RECEIVE
ADDED from [com.google.android.gms:play-services-gcm:12.0.1] AndroidManifest.xml:23:5-82
MERGED from [com.google.android.gms:play-services-iid:12.0.1] AndroidManifest.xml:23:5-82
MERGED from [com.google.android.gms:play-services-iid:12.0.1] AndroidManifest.xml:23:5-82
MERGED from [com.pushbots:pushbots-lib:3.2.0-c] AndroidManifest.xml:19:5-82
MERGED from [com.pushbots:pushbots-lib:3.2.0-c] AndroidManifest.xml:19:5-82
	android:name
		ADDED from [com.google.android.gms:play-services-gcm:12.0.1] AndroidManifest.xml:23:22-79
activity#com.google.android.gms.common.api.GoogleApiActivity
ADDED from [com.google.android.gms:play-services-base:12.0.1] AndroidManifest.xml:23:9-26:75
	android:exported
		ADDED from [com.google.android.gms:play-services-base:12.0.1] AndroidManifest.xml:25:13-37
	android:theme
		ADDED from [com.google.android.gms:play-services-base:12.0.1] AndroidManifest.xml:26:13-72
	android:name
		ADDED from [com.google.android.gms:play-services-base:12.0.1] AndroidManifest.xml:24:13-79
meta-data#com.google.android.gms.version
ADDED from [com.google.android.gms:play-services-basement:12.0.1] AndroidManifest.xml:23:9-25:69
	android:value
		ADDED from [com.google.android.gms:play-services-basement:12.0.1] AndroidManifest.xml:25:13-66
	android:name
		ADDED from [com.google.android.gms:play-services-basement:12.0.1] AndroidManifest.xml:24:13-58
permission#${applicationId}.permission.C2D_MESSAGE
ADDED from [com.pushbots:pushbots-lib:3.2.0-c] AndroidManifest.xml:8:5-10:47
	android:protectionLevel
		ADDED from [com.pushbots:pushbots-lib:3.2.0-c] AndroidManifest.xml:10:9-44
	android:name
		ADDED from [com.pushbots:pushbots-lib:3.2.0-c] AndroidManifest.xml:9:9-63
permission#io.cordova.hellocordova.permission.C2D_MESSAGE
ADDED from [com.pushbots:pushbots-lib:3.2.0-c] AndroidManifest.xml:8:5-10:47
	android:protectionLevel
		ADDED from [com.pushbots:pushbots-lib:3.2.0-c] AndroidManifest.xml:10:9-44
	android:name
		ADDED from [com.pushbots:pushbots-lib:3.2.0-c] AndroidManifest.xml:9:9-63
uses-permission#${applicationId}.permission.C2D_MESSAGE
ADDED from [com.pushbots:pushbots-lib:3.2.0-c] AndroidManifest.xml:12:5-79
	android:name
		ADDED from [com.pushbots:pushbots-lib:3.2.0-c] AndroidManifest.xml:12:22-76
uses-permission#io.cordova.hellocordova.permission.C2D_MESSAGE
ADDED from [com.pushbots:pushbots-lib:3.2.0-c] AndroidManifest.xml:12:5-79
	android:name
		ADDED from [com.pushbots:pushbots-lib:3.2.0-c] AndroidManifest.xml:12:22-76
uses-permission#android.permission.ACCESS_NETWORK_STATE
ADDED from [com.pushbots:pushbots-lib:3.2.0-c] AndroidManifest.xml:16:5-79
	android:name
		ADDED from [com.pushbots:pushbots-lib:3.2.0-c] AndroidManifest.xml:16:22-76
uses-permission#android.permission.GET_ACCOUNTS
ADDED from [com.pushbots:pushbots-lib:3.2.0-c] AndroidManifest.xml:17:5-71
	android:name
		ADDED from [com.pushbots:pushbots-lib:3.2.0-c] AndroidManifest.xml:17:22-68
uses-permission#android.permission.WAKE_LOCK
ADDED from [com.pushbots:pushbots-lib:3.2.0-c] AndroidManifest.xml:18:5-68
	android:name
		ADDED from [com.pushbots:pushbots-lib:3.2.0-c] AndroidManifest.xml:18:22-65
meta-data#pushbots_app_id
ADDED from [com.pushbots:pushbots-lib:3.2.0-c] AndroidManifest.xml:23:9-25:50
	android:value
		ADDED from [com.pushbots:pushbots-lib:3.2.0-c] AndroidManifest.xml:25:13-47
	android:name
		ADDED from [com.pushbots:pushbots-lib:3.2.0-c] AndroidManifest.xml:24:13-43
meta-data#google_sender_id
ADDED from [com.pushbots:pushbots-lib:3.2.0-c] AndroidManifest.xml:26:9-28:53
	android:value
		ADDED from [com.pushbots:pushbots-lib:3.2.0-c] AndroidManifest.xml:28:13-50
	android:name
		ADDED from [com.pushbots:pushbots-lib:3.2.0-c] AndroidManifest.xml:27:13-44
meta-data#pushbots_loglevel
ADDED from [com.pushbots:pushbots-lib:3.2.0-c] AndroidManifest.xml:29:9-31:52
	android:value
		ADDED from [com.pushbots:pushbots-lib:3.2.0-c] AndroidManifest.xml:31:13-49
	android:name
		ADDED from [com.pushbots:pushbots-lib:3.2.0-c] AndroidManifest.xml:30:13-45
receiver#com.pushbots.push.GCMBroadcastReceiver
ADDED from [com.pushbots:pushbots-lib:3.2.0-c] AndroidManifest.xml:33:9-41:20
	android:permission
		ADDED from [com.pushbots:pushbots-lib:3.2.0-c] AndroidManifest.xml:35:13-73
	android:name
		ADDED from [com.pushbots:pushbots-lib:3.2.0-c] AndroidManifest.xml:34:13-66
intent-filter#${applicationId}+com.google.android.c2dm.intent.RECEIVE
ADDED from [com.pushbots:pushbots-lib:3.2.0-c] AndroidManifest.xml:36:13-40:29
intent-filter#com.google.android.c2dm.intent.RECEIVE+io.cordova.hellocordova
ADDED from [com.pushbots:pushbots-lib:3.2.0-c] AndroidManifest.xml:36:13-40:29
action#com.google.android.c2dm.intent.RECEIVE
ADDED from [com.pushbots:pushbots-lib:3.2.0-c] AndroidManifest.xml:37:17-81
	android:name
		ADDED from [com.pushbots:pushbots-lib:3.2.0-c] AndroidManifest.xml:37:25-78
category#${applicationId}
ADDED from [com.pushbots:pushbots-lib:3.2.0-c] AndroidManifest.xml:39:17-61
	android:name
		ADDED from [com.pushbots:pushbots-lib:3.2.0-c] AndroidManifest.xml:39:27-58
category#io.cordova.hellocordova
ADDED from [com.pushbots:pushbots-lib:3.2.0-c] AndroidManifest.xml:39:17-61
	android:name
		ADDED from [com.pushbots:pushbots-lib:3.2.0-c] AndroidManifest.xml:39:27-58
receiver#com.pushbots.push.DefaultPushHandler
ADDED from [com.pushbots:pushbots-lib:3.2.0-c] AndroidManifest.xml:42:9-73
	android:name
		ADDED from [com.pushbots:pushbots-lib:3.2.0-c] AndroidManifest.xml:42:19-70
service#com.pushbots.push.GCMIntentService
ADDED from [com.pushbots:pushbots-lib:3.2.0-c] AndroidManifest.xml:44:9-70
	android:name
		ADDED from [com.pushbots:pushbots-lib:3.2.0-c] AndroidManifest.xml:44:18-67
service#com.pushbots.push.GcmIntentJobService
ADDED from [com.pushbots:pushbots-lib:3.2.0-c] AndroidManifest.xml:45:9-47:72
	android:permission
		ADDED from [com.pushbots:pushbots-lib:3.2.0-c] AndroidManifest.xml:47:13-69
	android:name
		ADDED from [com.pushbots:pushbots-lib:3.2.0-c] AndroidManifest.xml:46:13-65